<?xml version="1.0" encoding="UTF-8"?>
<testsuite name="br.com.encurtadorurl.service.EncurtadorUrlServiceImplTest" time="0.329" tests="14" errors="0" skipped="0" failures="0">
  <properties>
[...]
</properties>
  <testcase name="retrieveUrlTest" classname="br.com.encurtadorurl.service.EncurtadorUrlServiceImplTest" time="0.02"/>
  <testcase name="shortenUrlWithoutAliasTest" classname="br.com.encurtadorurl.service.EncurtadorUrlServiceImplTest" time="0.028"/>
  <testcase name="validaExceptionUriTest" classname="br.com.encurtadorurl.service.EncurtadorUrlServiceImplTest" time="0.004"/>
  <testcase name="listUrlMostAccessedTest" classname="br.com.encurtadorurl.service.EncurtadorUrlServiceImplTest" time="0.04"/>
  <testcase name="shortenUrlWithAliasTest" classname="br.com.encurtadorurl.service.EncurtadorUrlServiceImplTest" time="0.028"/>
  <testcase name="retrieveUrlAccessTest" classname="br.com.encurtadorurl.service.EncurtadorUrlServiceImplTest" time="0.04"/>
  <testcase name="createAliasTest" classname="br.com.encurtadorurl.service.EncurtadorUrlServiceImplTest" time="0.024"/>
  <testcase name="findUrlOriginal" classname="br.com.encurtadorurl.service.EncurtadorUrlServiceImplTest" time="0.012"/>
  <testcase name="shortenUrlWithoutAliasWhenExistsUrlOriginalTest" classname="br.com.encurtadorurl.service.EncurtadorUrlServiceImplTest" time="0.02"/>
  <testcase name="shortenUrlWhenExistsAliasTest" classname="br.com.encurtadorurl.service.EncurtadorUrlServiceImplTest" time="0.028"/>
  <testcase name="retrieveUrlExistsTest" classname="br.com.encurtadorurl.service.EncurtadorUrlServiceImplTest" time="0.053"/>
  <testcase name="addPrefixAliasTest" classname="br.com.encurtadorurl.service.EncurtadorUrlServiceImplTest" time="0.008"/>
  <testcase name="findAliasTest" classname="br.com.encurtadorurl.service.EncurtadorUrlServiceImplTest" time="0.02"/>
  <testcase name="validaUrlTest" classname="br.com.encurtadorurl.service.EncurtadorUrlServiceImplTest" time="0.004"/>
</testsuite>